<?xml version="1.0" encoding="UTF-8"?>
<!-- Generated by org.testng.reporters.JUnitReportReporter -->
<testsuite hostname="SAM" failures="0" tests="1" name="com.parabank.test.SignUpTest" time="12.701" errors="0" timestamp="2025-06-05T17:43:43 IST" skipped="0">
  <testcase classname="com.parabank.test.SignUpTest" name="testUserSignUp" time="12.701"/>
</testsuite> <!-- com.parabank.test.SignUpTest -->
