<?xml version="1.0" encoding="UTF-8"?>
<!-- Generated by org.testng.reporters.JUnitReportReporter -->
<testsuite hostname="SAM" failures="0" tests="1" name="com.parabank.test.AccountDetailsTest" time="13.316" errors="0" timestamp="2025-06-05T17:43:43 IST" skipped="0">
  <testcase classname="com.parabank.test.AccountDetailsTest" name="testAccountDetailsVerification" time="13.316"/>
</testsuite> <!-- com.parabank.test.AccountDetailsTest -->
